0 info it worked if it ends with ok
1 verbose cli [ '/home/ubuntu/.nvm/versions/node/v4.4.5/bin/node',
1 verbose cli   '/home/ubuntu/.nvm/versions/node/v4.4.5/bin/npm',
1 verbose cli   'start',
1 verbose cli   'addContributer',
1 verbose cli   'huemanf' ]
2 info using npm@2.15.5
3 info using node@v4.4.5
4 verbose run-script [ 'prestart', 'start', 'poststart' ]
5 info prestart is-spam-twitter-account@0.0.0-semantically-released
6 info start is-spam-twitter-account@0.0.0-semantically-released
7 verbose unsafe-perm in lifecycle true
8 info is-spam-twitter-account@0.0.0-semantically-released Failed to exec start script
9 verbose stack Error: is-spam-twitter-account@0.0.0-semantically-released start: `package-scripts "addContributer" "huemanf"`
9 verbose stack Exit status 1
9 verbose stack     at EventEmitter.<anonymous> (/home/ubuntu/.nvm/versions/node/v4.4.5/lib/node_modules/npm/lib/utils/lifecycle.js:217:16)
9 verbose stack     at emitTwo (events.js:87:13)
9 verbose stack     at EventEmitter.emit (events.js:172:7)
9 verbose stack     at ChildProcess.<anonymous> (/home/ubuntu/.nvm/versions/node/v4.4.5/lib/node_modules/npm/lib/utils/spawn.js:24:14)
9 verbose stack     at emitTwo (events.js:87:13)
9 verbose stack     at ChildProcess.emit (events.js:172:7)
9 verbose stack     at maybeClose (internal/child_process.js:827:16)
9 verbose stack     at Process.ChildProcess._handle.onexit (internal/child_process.js:211:5)
10 verbose pkgid is-spam-twitter-account@0.0.0-semantically-released
11 verbose cwd /home/ubuntu/workspace/is-spam-twitter-account
12 error Linux 4.2.0-c9
13 error argv "/home/ubuntu/.nvm/versions/node/v4.4.5/bin/node" "/home/ubuntu/.nvm/versions/node/v4.4.5/bin/npm" "start" "addContributer" "huemanf"
14 error node v4.4.5
15 error npm  v2.15.5
16 error code ELIFECYCLE
17 error is-spam-twitter-account@0.0.0-semantically-released start: `package-scripts "addContributer" "huemanf"`
17 error Exit status 1
18 error Failed at the is-spam-twitter-account@0.0.0-semantically-released start script 'package-scripts "addContributer" "huemanf"'.
18 error This is most likely a problem with the is-spam-twitter-account package,
18 error not with npm itself.
18 error Tell the author that this fails on your system:
18 error     package-scripts "addContributer" "huemanf"
18 error You can get information on how to open an issue for this project with:
18 error     npm bugs is-spam-twitter-account
18 error Or if that isn't available, you can get their info via:
18 error
18 error     npm owner ls is-spam-twitter-account
18 error There is likely additional logging output above.
19 verbose exit [ 1, true ]
